<?xml version="1.0" encoding="UTF-8"?>
<!-- Generated by org.testng.reporters.JUnitXMLReporter -->
<testsuite ignored="0" hostname="Gozde-MacBook-Pro.local" failures="1" tests="3" name="ChromeTestCases" time="64.877" errors="0" timestamp="2021-12-13T08:07:18 CET">
  <testcase classname="TestRedirection" name="linksInThePage" time="34.143"/>
  <testcase classname="TestRedirection" name="redirectionWithDefaultColor" time="13.619"/>
  <testcase classname="TestRedirection" name="redirectionWithoutDefaultColor" time="6.987">
    <failure type="java.lang.AssertionError" message="expected [https://www.vanmoof.com/en-NL/s3] but found [https://www.vanmoof.com/en-NL/s3?color=dark]">
      <![CDATA[java.lang.AssertionError: expected [https://www.vanmoof.com/en-NL/s3] but found [https://www.vanmoof.com/en-NL/s3?color=dark]
at TestRedirection.redirectionWithoutDefaultColor(TestRedirection.java:68)
at java.base/java.util.ArrayList.forEach(ArrayList.java:1511)
at java.base/java.util.concurrent.FutureTask.run(FutureTask.java:264)
at java.base/java.util.concurrent.ThreadPoolExecutor.runWorker(ThreadPoolExecutor.java:1136)
at java.base/java.util.concurrent.ThreadPoolExecutor$Worker.run(ThreadPoolExecutor.java:635)
at java.base/java.lang.Thread.run(Thread.java:833)
... Removed 24 stack frames]]>
    </failure>
  </testcase> <!-- redirectionWithoutDefaultColor -->
</testsuite> <!-- ChromeTestCases -->
