<!DOCTYPE html PUBLIC "-//W3C//DTD XHTML 1.1//EN" "https://www.w3.org/TR/xhtml11/DTD/xhtml11.dtd">
<html xmlns="https://www.w3.org/1999/xhtml">
<head>
<meta http-equiv="content-type" content="text/html; charset=UTF-8"/>
<title>TestNG Report</title>
<style type="text/css">table {margin-bottom:10px;border-collapse:collapse;empty-cells:show}th,td {border:1px solid #009;padding:.25em .5em}th {vertical-align:bottom}td {vertical-align:top}table a {font-weight:bold}.stripe td {background-color: #E6EBF9}.num {text-align:right}.passedodd td {background-color: #3F3}.passedeven td {background-color: #0A0}.skippedodd td {background-color: #DDD}.skippedeven td {background-color: #CCC}.failedodd td,.attn {background-color: #F33}.failedeven td,.stripe .attn {background-color: #D00}.stacktrace {white-space:pre;font-family:monospace}.totop {font-size:85%;text-align:center;border-bottom:2px solid #000}.invisible {display:none}</style>
</head>
<body>
<table>
<tr><th>Test</th><th># Passed</th><th># Skipped</th><th># Retried</th><th># Failed</th><th>Time (ms)</th><th>Included Groups</th><th>Excluded Groups</th></tr>
<tr><th colspan="8">Suite</th></tr>
<tr><td><a href="#t0">FirefoxTestCases</a></td><td class="num">2</td><td class="num">0</td><td class="num">0</td><td class="num attn">1</td><td class="num">58,642</td><td></td><td></td></tr>
<tr class="stripe"><td><a href="#t1">SafariTestCases</a></td><td class="num">2</td><td class="num">0</td><td class="num">0</td><td class="num attn">1</td><td class="num">59,736</td><td></td><td></td></tr>
<tr><td><a href="#t2">ChromeTestCases</a></td><td class="num">2</td><td class="num">0</td><td class="num">0</td><td class="num attn">1</td><td class="num">64,877</td><td></td><td></td></tr>
<tr><th>Total</th><th class="num">6</th><th class="num">0</th><th class="num">0</th><th class="num attn">3</th><th class="num">183,255</th><th colspan="2"></th></tr>
</table>
<table id='summary'><thead><tr><th>Class</th><th>Method</th><th>Start</th><th>Time (ms)</th></tr></thead><tbody><tr><th colspan="4">Suite</th></tr></tbody><tbody id="t0"><tr><th colspan="4">FirefoxTestCases &#8212; failed</th></tr><tr class="failedeven"><td rowspan="1">TestRedirection</td><td><a href="#m0">redirectionWithoutDefaultColor</a></td><td rowspan="1">1639379224150</td><td rowspan="1">5359</td></tr><tr><th colspan="4">FirefoxTestCases &#8212; passed</th></tr><tr class="passedeven"><td rowspan="2">TestRedirection</td><td><a href="#m1">linksInThePage</a></td><td rowspan="1">1639379190907</td><td rowspan="1">26313</td></tr><tr class="passedeven"><td><a href="#m2">redirectionWithDefaultColor</a></td><td rowspan="1">1639379217225</td><td rowspan="1">6911</td></tr></tbody>
<tbody id="t1"><tr><th colspan="4">SafariTestCases &#8212; failed</th></tr><tr class="failedeven"><td rowspan="1">TestRedirection</td><td><a href="#m3">redirectionWithoutDefaultColor</a></td><td rowspan="1">1639379225574</td><td rowspan="1">7577</td></tr><tr><th colspan="4">SafariTestCases &#8212; passed</th></tr><tr class="passedeven"><td rowspan="2">TestRedirection</td><td><a href="#m4">linksInThePage</a></td><td rowspan="1">1639379184458</td><td rowspan="1">33076</td></tr><tr class="passedeven"><td><a href="#m5">redirectionWithDefaultColor</a></td><td rowspan="1">1639379217535</td><td rowspan="1">8037</td></tr></tbody>
<tbody id="t2"><tr><th colspan="4">ChromeTestCases &#8212; failed</th></tr><tr class="failedeven"><td rowspan="1">TestRedirection</td><td><a href="#m6">redirectionWithoutDefaultColor</a></td><td rowspan="1">1639379231420</td><td rowspan="1">6987</td></tr><tr><th colspan="4">ChromeTestCases &#8212; passed</th></tr><tr class="passedeven"><td rowspan="2">TestRedirection</td><td><a href="#m7">linksInThePage</a></td><td rowspan="1">1639379183628</td><td rowspan="1">34143</td></tr><tr class="passedeven"><td><a href="#m8">redirectionWithDefaultColor</a></td><td rowspan="1">1639379217799</td><td rowspan="1">13619</td></tr></tbody>
</table>
<h2>FirefoxTestCases</h2><h3 id="m0">TestRedirection#redirectionWithoutDefaultColor</h3><table class="result"><tr><th>Exception</th></tr><tr><td><div class="stacktrace">java.lang.AssertionError: expected [https://www.vanmoof.com/en-NL/s3] but found [https://www.vanmoof.com/en-NL/s3?color=dark]
	at TestRedirection.redirectionWithoutDefaultColor(TestRedirection.java:68)
	at java.base/java.util.ArrayList.forEach(ArrayList.java:1511)
	at java.base/java.util.concurrent.FutureTask.run(FutureTask.java:264)
	at java.base/java.util.concurrent.ThreadPoolExecutor.runWorker(ThreadPoolExecutor.java:1136)
	at java.base/java.util.concurrent.ThreadPoolExecutor$Worker.run(ThreadPoolExecutor.java:635)
	at java.base/java.lang.Thread.run(Thread.java:833)
... Removed 24 stack frames</div></td></tr></table><p class="totop"><a href="#summary">back to summary</a></p>
<h3 id="m1">TestRedirection#linksInThePage</h3><table class="result"><tr><th class="invisible"/></tr></table><p class="totop"><a href="#summary">back to summary</a></p>
<h3 id="m2">TestRedirection#redirectionWithDefaultColor</h3><table class="result"><tr><th class="invisible"/></tr></table><p class="totop"><a href="#summary">back to summary</a></p>
<h2>SafariTestCases</h2><h3 id="m3">TestRedirection#redirectionWithoutDefaultColor</h3><table class="result"><tr><th>Exception</th></tr><tr><td><div class="stacktrace">java.lang.AssertionError: expected [https://www.vanmoof.com/en-NL/s3] but found [https://www.vanmoof.com/en-NL/s3?color=dark]
	at TestRedirection.redirectionWithoutDefaultColor(TestRedirection.java:68)
	at java.base/java.util.ArrayList.forEach(ArrayList.java:1511)
	at java.base/java.util.concurrent.FutureTask.run(FutureTask.java:264)
	at java.base/java.util.concurrent.ThreadPoolExecutor.runWorker(ThreadPoolExecutor.java:1136)
	at java.base/java.util.concurrent.ThreadPoolExecutor$Worker.run(ThreadPoolExecutor.java:635)
	at java.base/java.lang.Thread.run(Thread.java:833)
... Removed 24 stack frames</div></td></tr></table><p class="totop"><a href="#summary">back to summary</a></p>
<h3 id="m4">TestRedirection#linksInThePage</h3><table class="result"><tr><th class="invisible"/></tr></table><p class="totop"><a href="#summary">back to summary</a></p>
<h3 id="m5">TestRedirection#redirectionWithDefaultColor</h3><table class="result"><tr><th class="invisible"/></tr></table><p class="totop"><a href="#summary">back to summary</a></p>
<h2>ChromeTestCases</h2><h3 id="m6">TestRedirection#redirectionWithoutDefaultColor</h3><table class="result"><tr><th>Exception</th></tr><tr><td><div class="stacktrace">java.lang.AssertionError: expected [https://www.vanmoof.com/en-NL/s3] but found [https://www.vanmoof.com/en-NL/s3?color=dark]
	at TestRedirection.redirectionWithoutDefaultColor(TestRedirection.java:68)
	at java.base/java.util.ArrayList.forEach(ArrayList.java:1511)
	at java.base/java.util.concurrent.FutureTask.run(FutureTask.java:264)
	at java.base/java.util.concurrent.ThreadPoolExecutor.runWorker(ThreadPoolExecutor.java:1136)
	at java.base/java.util.concurrent.ThreadPoolExecutor$Worker.run(ThreadPoolExecutor.java:635)
	at java.base/java.lang.Thread.run(Thread.java:833)
... Removed 24 stack frames</div></td></tr></table><p class="totop"><a href="#summary">back to summary</a></p>
<h3 id="m7">TestRedirection#linksInThePage</h3><table class="result"><tr><th class="invisible"/></tr></table><p class="totop"><a href="#summary">back to summary</a></p>
<h3 id="m8">TestRedirection#redirectionWithDefaultColor</h3><table class="result"><tr><th class="invisible"/></tr></table><p class="totop"><a href="#summary">back to summary</a></p>
</body>
</html>
